<?xml version="1.0" encoding="UTF-8"?>
<!-- Generated by org.testng.reporters.JUnitReportReporter -->
<testsuite hostname="SKY-20171024SJG" name="com.guoyasoft.FirstTestNGTestTest" tests="1" failures="0" timestamp="5 Nov 2017 03:47:55 GMT" time="0.471" errors="0">
  <testcase name="testlogin" time="0.471" classname="com.guoyasoft.FirstTestNGTestTest"/>
</testsuite> <!-- com.guoyasoft.FirstTestNGTestTest -->
