<?xml version="1.0" encoding="UTF-8"?>
<!-- Generated by org.testng.reporters.JUnitReportReporter -->
<testsuite hostname="SKY-20171024SJG" name="com.guoyasoft.TwoTestNG" tests="1" failures="0" timestamp="5 Nov 2017 03:47:55 GMT" time="4.474" errors="0">
  <testcase name="testbaidu" time="4.474" classname="com.guoyasoft.TwoTestNG"/>
</testsuite> <!-- com.guoyasoft.TwoTestNG -->
